=== puma startup: 2016-04-09 09:51:15 +0800 ===
* Restarting...
On restart...
=== puma startup: 2016-04-09 09:54:11 +0800 ===
* Restarting...
On restart...
Puma starting in single mode...
* Version 3.2.0 (ruby 2.2.1-p85), codename: Spring Is A Heliocentric Viewpoint
* Min threads: 0, max threads: 16
* Environment: development
* Inherited tcp://0.0.0.0:3058
Use Ctrl-C to stop
=== puma startup: 2016-04-09 09:54:35 +0800 ===
* Restarting...
On restart...
Puma starting in single mode...
* Version 3.2.0 (ruby 2.2.1-p85), codename: Spring Is A Heliocentric Viewpoint
* Min threads: 0, max threads: 16
* Environment: development
* Daemonizing...
=== puma startup: 2016-04-09 09:57:13 +0800 ===
* Inherited tcp://0.0.0.0:3058
* Restarting...
On restart...
Puma starting in single mode...
* Version 3.2.0 (ruby 2.2.1-p85), codename: Spring Is A Heliocentric Viewpoint
* Min threads: 0, max threads: 16
* Environment: development
* Daemonizing...
=== puma startup: 2016-04-09 10:00:06 +0800 ===
* Inherited tcp://0.0.0.0:3058
* Restarting...
On restart...
Puma starting in single mode...
* Version 3.2.0 (ruby 2.2.1-p85), codename: Spring Is A Heliocentric Viewpoint
* Min threads: 0, max threads: 16
* Environment: development
* Daemonizing...
=== puma startup: 2016-04-09 22:00:04 +0800 ===
* Inherited tcp://0.0.0.0:3058
* Restarting...
On restart...
Puma starting in single mode...
* Version 3.2.0 (ruby 2.2.1-p85), codename: Spring Is A Heliocentric Viewpoint
* Min threads: 0, max threads: 16
* Environment: development
* Daemonizing...
=== puma startup: 2016-04-09 22:00:43 +0800 ===
* Inherited tcp://0.0.0.0:3058
* Restarting...
On restart...
Puma starting in single mode...
* Version 3.2.0 (ruby 2.2.1-p85), codename: Spring Is A Heliocentric Viewpoint
* Min threads: 0, max threads: 16
* Environment: development
* Daemonizing...
=== puma startup: 2016-04-10 08:31:08 +0800 ===
* Inherited tcp://0.0.0.0:3058
* Restarting...
On restart...
Puma starting in single mode...
* Version 3.2.0 (ruby 2.2.1-p85), codename: Spring Is A Heliocentric Viewpoint
* Min threads: 0, max threads: 16
* Environment: development
* Daemonizing...
=== puma startup: 2016-04-10 12:45:02 +0800 ===
* Inherited tcp://0.0.0.0:3058
* Restarting...
On restart...
Puma starting in single mode...
* Version 3.2.0 (ruby 2.2.1-p85), codename: Spring Is A Heliocentric Viewpoint
* Min threads: 0, max threads: 16
* Environment: development
* Daemonizing...
=== puma startup: 2016-04-10 17:45:02 +0800 ===
* Inherited tcp://0.0.0.0:3058
* Restarting...
On restart...
Puma starting in single mode...
* Version 3.2.0 (ruby 2.2.1-p85), codename: Spring Is A Heliocentric Viewpoint
* Min threads: 0, max threads: 16
* Environment: development
* Daemonizing...
=== puma startup: 2016-04-11 07:45:02 +0800 ===
* Inherited tcp://0.0.0.0:3058
* Restarting...
On restart...
Puma starting in single mode...
* Version 3.2.0 (ruby 2.2.1-p85), codename: Spring Is A Heliocentric Viewpoint
* Min threads: 0, max threads: 16
* Environment: development
* Daemonizing...
=== puma startup: 2016-04-11 12:45:02 +0800 ===
* Inherited tcp://0.0.0.0:3058
* Restarting...
On restart...
Puma starting in single mode...
* Version 3.2.0 (ruby 2.2.1-p85), codename: Spring Is A Heliocentric Viewpoint
* Min threads: 0, max threads: 16
* Environment: development
* Daemonizing...
=== puma startup: 2016-04-11 17:45:02 +0800 ===
* Inherited tcp://0.0.0.0:3058
* Restarting...
On restart...
Puma starting in single mode...
* Version 3.2.0 (ruby 2.2.1-p85), codename: Spring Is A Heliocentric Viewpoint
* Min threads: 0, max threads: 16
* Environment: development
* Daemonizing...
=== puma startup: 2016-04-12 08:01:15 +0800 ===
* Inherited tcp://0.0.0.0:3058
* Restarting...
On restart...
Puma starting in single mode...
* Version 3.2.0 (ruby 2.2.1-p85), codename: Spring Is A Heliocentric Viewpoint
* Min threads: 0, max threads: 16
* Environment: development
* Daemonizing...
=== puma startup: 2016-04-12 12:45:02 +0800 ===
* Inherited tcp://0.0.0.0:3058
* Restarting...
On restart...
Puma starting in single mode...
* Version 3.2.0 (ruby 2.2.1-p85), codename: Spring Is A Heliocentric Viewpoint
* Min threads: 0, max threads: 16
* Environment: development
* Daemonizing...
=== puma startup: 2016-04-12 17:45:02 +0800 ===
* Inherited tcp://0.0.0.0:3058
* Restarting...
On restart...
Puma starting in single mode...
* Version 3.2.0 (ruby 2.2.1-p85), codename: Spring Is A Heliocentric Viewpoint
* Min threads: 0, max threads: 16
* Environment: development
* Daemonizing...
=== puma startup: 2016-04-13 07:45:02 +0800 ===
* Inherited tcp://0.0.0.0:3058
* Restarting...
On restart...
Puma starting in single mode...
* Version 3.2.0 (ruby 2.2.1-p85), codename: Spring Is A Heliocentric Viewpoint
* Min threads: 0, max threads: 16
* Environment: development
* Daemonizing...
=== puma startup: 2016-04-13 12:45:02 +0800 ===
* Inherited tcp://0.0.0.0:3058
* Restarting...
On restart...
Puma starting in single mode...
* Version 3.2.0 (ruby 2.2.1-p85), codename: Spring Is A Heliocentric Viewpoint
* Min threads: 0, max threads: 16
* Environment: development
* Daemonizing...
=== puma startup: 2016-04-13 17:45:02 +0800 ===
* Inherited tcp://0.0.0.0:3058
* Restarting...
On restart...
Puma starting in single mode...
* Version 3.2.0 (ruby 2.2.1-p85), codename: Spring Is A Heliocentric Viewpoint
* Min threads: 0, max threads: 16
* Environment: development
* Daemonizing...
=== puma startup: 2016-04-14 07:45:02 +0800 ===
* Inherited tcp://0.0.0.0:3058
* Restarting...
On restart...
Puma starting in single mode...
* Version 3.2.0 (ruby 2.2.1-p85), codename: Spring Is A Heliocentric Viewpoint
* Min threads: 0, max threads: 16
* Environment: development
* Daemonizing...
=== puma startup: 2016-04-14 13:01:09 +0800 ===
* Inherited tcp://0.0.0.0:3058
* Restarting...
On restart...
Puma starting in single mode...
* Version 3.2.0 (ruby 2.2.1-p85), codename: Spring Is A Heliocentric Viewpoint
* Min threads: 0, max threads: 16
* Environment: development
* Daemonizing...
=== puma startup: 2016-04-14 17:45:02 +0800 ===
* Inherited tcp://0.0.0.0:3058
* Restarting...
On restart...
Puma starting in single mode...
* Version 3.2.0 (ruby 2.2.1-p85), codename: Spring Is A Heliocentric Viewpoint
* Min threads: 0, max threads: 16
* Environment: development
* Daemonizing...
=== puma startup: 2016-04-15 07:45:02 +0800 ===
* Inherited tcp://0.0.0.0:3058
* Restarting...
On restart...
Puma starting in single mode...
* Version 3.2.0 (ruby 2.2.1-p85), codename: Spring Is A Heliocentric Viewpoint
* Min threads: 0, max threads: 16
* Environment: development
* Daemonizing...
=== puma startup: 2016-04-15 13:01:23 +0800 ===
* Inherited tcp://0.0.0.0:3058
* Restarting...
On restart...
Puma starting in single mode...
* Version 3.2.0 (ruby 2.2.1-p85), codename: Spring Is A Heliocentric Viewpoint
* Min threads: 0, max threads: 16
* Environment: development
* Daemonizing...
=== puma startup: 2016-04-15 17:45:02 +0800 ===
* Inherited tcp://0.0.0.0:3058
* Restarting...
On restart...
Puma starting in single mode...
* Version 3.2.0 (ruby 2.2.1-p85), codename: Spring Is A Heliocentric Viewpoint
* Min threads: 0, max threads: 16
* Environment: development
* Daemonizing...
=== puma startup: 2016-04-16 07:45:01 +0800 ===
* Inherited tcp://0.0.0.0:3058
* Restarting...
On restart...
Puma starting in single mode...
* Version 3.2.0 (ruby 2.2.1-p85), codename: Spring Is A Heliocentric Viewpoint
* Min threads: 0, max threads: 16
* Environment: development
* Daemonizing...
=== puma startup: 2016-04-16 12:45:02 +0800 ===
* Inherited tcp://0.0.0.0:3058
* Restarting...
On restart...
Puma starting in single mode...
* Version 3.2.0 (ruby 2.2.1-p85), codename: Spring Is A Heliocentric Viewpoint
* Min threads: 0, max threads: 16
* Environment: development
* Daemonizing...
=== puma startup: 2016-04-16 17:45:02 +0800 ===
* Inherited tcp://0.0.0.0:3058
* Restarting...
On restart...
Puma starting in single mode...
* Version 3.2.0 (ruby 2.2.1-p85), codename: Spring Is A Heliocentric Viewpoint
* Min threads: 0, max threads: 16
* Environment: development
* Daemonizing...
=== puma startup: 2016-04-17 08:01:25 +0800 ===
* Inherited tcp://0.0.0.0:3058
* Restarting...
On restart...
Puma starting in single mode...
* Version 3.2.0 (ruby 2.2.1-p85), codename: Spring Is A Heliocentric Viewpoint
* Min threads: 0, max threads: 16
* Environment: development
* Daemonizing...
=== puma startup: 2016-04-17 12:45:02 +0800 ===
* Inherited tcp://0.0.0.0:3058
* Restarting...
On restart...
Puma starting in single mode...
* Version 3.2.0 (ruby 2.2.1-p85), codename: Spring Is A Heliocentric Viewpoint
* Min threads: 0, max threads: 16
* Environment: development
* Daemonizing...
=== puma startup: 2016-04-17 17:45:02 +0800 ===
* Inherited tcp://0.0.0.0:3058
* Restarting...
On restart...
Puma starting in single mode...
* Version 3.2.0 (ruby 2.2.1-p85), codename: Spring Is A Heliocentric Viewpoint
* Min threads: 0, max threads: 16
* Environment: development
* Daemonizing...
=== puma startup: 2016-04-18 08:01:09 +0800 ===
* Inherited tcp://0.0.0.0:3058
* Restarting...
On restart...
Puma starting in single mode...
* Version 3.2.0 (ruby 2.2.1-p85), codename: Spring Is A Heliocentric Viewpoint
* Min threads: 0, max threads: 16
* Environment: development
* Daemonizing...
=== puma startup: 2016-04-18 12:45:02 +0800 ===
* Inherited tcp://0.0.0.0:3058
* Restarting...
On restart...
Puma starting in single mode...
* Version 3.2.0 (ruby 2.2.1-p85), codename: Spring Is A Heliocentric Viewpoint
* Min threads: 0, max threads: 16
* Environment: development
* Daemonizing...
=== puma startup: 2016-04-18 17:45:01 +0800 ===
* Inherited tcp://0.0.0.0:3058
* Restarting...
On restart...
Puma starting in single mode...
* Version 3.2.0 (ruby 2.2.1-p85), codename: Spring Is A Heliocentric Viewpoint
* Min threads: 0, max threads: 16
* Environment: development
* Daemonizing...
=== puma startup: 2016-04-19 07:45:02 +0800 ===
* Inherited tcp://0.0.0.0:3058
* Restarting...
On restart...
Puma starting in single mode...
* Version 3.2.0 (ruby 2.2.1-p85), codename: Spring Is A Heliocentric Viewpoint
* Min threads: 0, max threads: 16
* Environment: development
* Daemonizing...
=== puma startup: 2016-04-19 12:45:02 +0800 ===
* Inherited tcp://0.0.0.0:3058
* Restarting...
On restart...
Puma starting in single mode...
* Version 3.2.0 (ruby 2.2.1-p85), codename: Spring Is A Heliocentric Viewpoint
* Min threads: 0, max threads: 16
* Environment: development
* Daemonizing...
=== puma startup: 2016-04-19 17:45:02 +0800 ===
* Inherited tcp://0.0.0.0:3058
* Restarting...
On restart...
Puma starting in single mode...
* Version 3.2.0 (ruby 2.2.1-p85), codename: Spring Is A Heliocentric Viewpoint
* Min threads: 0, max threads: 16
* Environment: development
* Daemonizing...
=== puma startup: 2016-04-20 08:01:12 +0800 ===
* Inherited tcp://0.0.0.0:3058
* Restarting...
On restart...
Puma starting in single mode...
* Version 3.2.0 (ruby 2.2.1-p85), codename: Spring Is A Heliocentric Viewpoint
* Min threads: 0, max threads: 16
* Environment: development
* Daemonizing...
=== puma startup: 2016-04-20 12:45:01 +0800 ===
* Inherited tcp://0.0.0.0:3058
* Restarting...
On restart...
Puma starting in single mode...
* Version 3.2.0 (ruby 2.2.1-p85), codename: Spring Is A Heliocentric Viewpoint
* Min threads: 0, max threads: 16
* Environment: development
* Daemonizing...
=== puma startup: 2016-04-20 17:45:02 +0800 ===
* Inherited tcp://0.0.0.0:3058
* Restarting...
On restart...
Puma starting in single mode...
* Version 3.2.0 (ruby 2.2.1-p85), codename: Spring Is A Heliocentric Viewpoint
* Min threads: 0, max threads: 16
* Environment: development
* Daemonizing...
=== puma startup: 2016-04-21 08:01:10 +0800 ===
* Inherited tcp://0.0.0.0:3058
* Restarting...
On restart...
Puma starting in single mode...
* Version 3.2.0 (ruby 2.2.1-p85), codename: Spring Is A Heliocentric Viewpoint
* Min threads: 0, max threads: 16
* Environment: development
* Daemonizing...
=== puma startup: 2016-04-21 12:45:02 +0800 ===
* Inherited tcp://0.0.0.0:3058
* Restarting...
On restart...
Puma starting in single mode...
* Version 3.2.0 (ruby 2.2.1-p85), codename: Spring Is A Heliocentric Viewpoint
* Min threads: 0, max threads: 16
* Environment: development
* Daemonizing...
=== puma startup: 2016-04-21 17:45:02 +0800 ===
* Inherited tcp://0.0.0.0:3058
* Restarting...
On restart...
Puma starting in single mode...
* Version 3.2.0 (ruby 2.2.1-p85), codename: Spring Is A Heliocentric Viewpoint
* Min threads: 0, max threads: 16
* Environment: development
* Daemonizing...
=== puma startup: 2016-04-22 08:01:10 +0800 ===
* Inherited tcp://0.0.0.0:3058
* Restarting...
On restart...
Puma starting in single mode...
* Version 3.2.0 (ruby 2.2.1-p85), codename: Spring Is A Heliocentric Viewpoint
* Min threads: 0, max threads: 16
* Environment: development
* Daemonizing...
=== puma startup: 2016-04-22 12:45:02 +0800 ===
* Inherited tcp://0.0.0.0:3058
* Restarting...
On restart...
Puma starting in single mode...
* Version 3.2.0 (ruby 2.2.1-p85), codename: Spring Is A Heliocentric Viewpoint
* Min threads: 0, max threads: 16
* Environment: development
* Daemonizing...
=== puma startup: 2016-04-22 17:45:02 +0800 ===
* Inherited tcp://0.0.0.0:3058
* Restarting...
On restart...
Puma starting in single mode...
* Version 3.2.0 (ruby 2.2.1-p85), codename: Spring Is A Heliocentric Viewpoint
* Min threads: 0, max threads: 16
* Environment: development
* Daemonizing...
=== puma startup: 2016-04-23 08:01:11 +0800 ===
* Inherited tcp://0.0.0.0:3058
* Restarting...
On restart...
Puma starting in single mode...
* Version 3.2.0 (ruby 2.2.1-p85), codename: Spring Is A Heliocentric Viewpoint
* Min threads: 0, max threads: 16
* Environment: development
* Daemonizing...
=== puma startup: 2016-04-23 12:45:02 +0800 ===
* Inherited tcp://0.0.0.0:3058
* Restarting...
On restart...
Puma starting in single mode...
* Version 3.2.0 (ruby 2.2.1-p85), codename: Spring Is A Heliocentric Viewpoint
* Min threads: 0, max threads: 16
* Environment: development
* Daemonizing...
=== puma startup: 2016-04-23 17:45:02 +0800 ===
* Inherited tcp://0.0.0.0:3058
* Restarting...
On restart...
Puma starting in single mode...
* Version 3.2.0 (ruby 2.2.1-p85), codename: Spring Is A Heliocentric Viewpoint
* Min threads: 0, max threads: 16
* Environment: development
* Daemonizing...
=== puma startup: 2016-04-24 08:01:09 +0800 ===
* Inherited tcp://0.0.0.0:3058
* Restarting...
On restart...
Puma starting in single mode...
* Version 3.2.0 (ruby 2.2.1-p85), codename: Spring Is A Heliocentric Viewpoint
* Min threads: 0, max threads: 16
* Environment: development
* Daemonizing...
=== puma startup: 2016-04-24 12:45:02 +0800 ===
* Inherited tcp://0.0.0.0:3058
* Restarting...
On restart...
Puma starting in single mode...
* Version 3.2.0 (ruby 2.2.1-p85), codename: Spring Is A Heliocentric Viewpoint
* Min threads: 0, max threads: 16
* Environment: development
* Daemonizing...
=== puma startup: 2016-04-24 17:45:02 +0800 ===
* Inherited tcp://0.0.0.0:3058
* Restarting...
On restart...
Puma starting in single mode...
* Version 3.2.0 (ruby 2.2.1-p85), codename: Spring Is A Heliocentric Viewpoint
* Min threads: 0, max threads: 16
* Environment: development
* Daemonizing...
=== puma startup: 2016-04-25 07:45:02 +0800 ===
* Inherited tcp://0.0.0.0:3058
* Restarting...
On restart...
Puma starting in single mode...
* Version 3.2.0 (ruby 2.2.1-p85), codename: Spring Is A Heliocentric Viewpoint
* Min threads: 0, max threads: 16
* Environment: development
* Daemonizing...
=== puma startup: 2016-04-25 12:45:02 +0800 ===
* Inherited tcp://0.0.0.0:3058
* Restarting...
On restart...
Puma starting in single mode...
* Version 3.2.0 (ruby 2.2.1-p85), codename: Spring Is A Heliocentric Viewpoint
* Min threads: 0, max threads: 16
* Environment: development
* Daemonizing...
=== puma startup: 2016-04-25 17:45:01 +0800 ===
* Inherited tcp://0.0.0.0:3058
* Restarting...
On restart...
Puma starting in single mode...
* Version 3.2.0 (ruby 2.2.1-p85), codename: Spring Is A Heliocentric Viewpoint
* Min threads: 0, max threads: 16
* Environment: development
* Daemonizing...
=== puma startup: 2016-04-26 08:01:11 +0800 ===
* Inherited tcp://0.0.0.0:3058
* Restarting...
On restart...
Puma starting in single mode...
* Version 3.2.0 (ruby 2.2.1-p85), codename: Spring Is A Heliocentric Viewpoint
* Min threads: 0, max threads: 16
* Environment: development
* Daemonizing...
=== puma startup: 2016-04-26 12:45:02 +0800 ===
* Inherited tcp://0.0.0.0:3058
* Restarting...
On restart...
Puma starting in single mode...
* Version 3.2.0 (ruby 2.2.1-p85), codename: Spring Is A Heliocentric Viewpoint
* Min threads: 0, max threads: 16
* Environment: development
* Daemonizing...
=== puma startup: 2016-04-26 17:45:02 +0800 ===
* Inherited tcp://0.0.0.0:3058
* Restarting...
On restart...
Puma starting in single mode...
* Version 3.2.0 (ruby 2.2.1-p85), codename: Spring Is A Heliocentric Viewpoint
* Min threads: 0, max threads: 16
* Environment: development
* Daemonizing...
=== puma startup: 2016-04-27 07:45:02 +0800 ===
* Inherited tcp://0.0.0.0:3058
* Restarting...
On restart...
Puma starting in single mode...
* Version 3.2.0 (ruby 2.2.1-p85), codename: Spring Is A Heliocentric Viewpoint
* Min threads: 0, max threads: 16
* Environment: development
* Daemonizing...
=== puma startup: 2016-04-27 12:45:01 +0800 ===
* Inherited tcp://0.0.0.0:3058
* Restarting...
On restart...
Puma starting in single mode...
* Version 3.2.0 (ruby 2.2.1-p85), codename: Spring Is A Heliocentric Viewpoint
* Min threads: 0, max threads: 16
* Environment: development
* Daemonizing...
=== puma startup: 2016-04-27 17:45:02 +0800 ===
* Inherited tcp://0.0.0.0:3058
* Restarting...
On restart...
Puma starting in single mode...
* Version 3.2.0 (ruby 2.2.1-p85), codename: Spring Is A Heliocentric Viewpoint
* Min threads: 0, max threads: 16
* Environment: development
* Daemonizing...
=== puma startup: 2016-04-28 07:45:02 +0800 ===
* Inherited tcp://0.0.0.0:3058
* Restarting...
On restart...
Puma starting in single mode...
* Version 3.2.0 (ruby 2.2.1-p85), codename: Spring Is A Heliocentric Viewpoint
* Min threads: 0, max threads: 16
* Environment: development
* Daemonizing...
=== puma startup: 2016-04-28 12:45:02 +0800 ===
* Inherited tcp://0.0.0.0:3058
* Restarting...
On restart...
Puma starting in single mode...
* Version 3.2.0 (ruby 2.2.1-p85), codename: Spring Is A Heliocentric Viewpoint
* Min threads: 0, max threads: 16
* Environment: development
* Daemonizing...
=== puma startup: 2016-04-28 17:45:02 +0800 ===
* Inherited tcp://0.0.0.0:3058
* Restarting...
On restart...
Puma starting in single mode...
* Version 3.2.0 (ruby 2.2.1-p85), codename: Spring Is A Heliocentric Viewpoint
* Min threads: 0, max threads: 16
* Environment: development
* Daemonizing...
=== puma startup: 2016-04-29 07:45:02 +0800 ===
* Inherited tcp://0.0.0.0:3058
* Restarting...
On restart...
Puma starting in single mode...
* Version 3.2.0 (ruby 2.2.1-p85), codename: Spring Is A Heliocentric Viewpoint
* Min threads: 0, max threads: 16
* Environment: development
* Daemonizing...
=== puma startup: 2016-04-29 12:45:02 +0800 ===
* Inherited tcp://0.0.0.0:3058
* Restarting...
On restart...
Puma starting in single mode...
* Version 3.2.0 (ruby 2.2.1-p85), codename: Spring Is A Heliocentric Viewpoint
* Min threads: 0, max threads: 16
* Environment: development
* Daemonizing...
=== puma startup: 2016-04-29 17:45:02 +0800 ===
* Inherited tcp://0.0.0.0:3058
* Restarting...
On restart...
Puma starting in single mode...
* Version 3.2.0 (ruby 2.2.1-p85), codename: Spring Is A Heliocentric Viewpoint
* Min threads: 0, max threads: 16
* Environment: development
* Daemonizing...
=== puma startup: 2016-04-30 07:45:01 +0800 ===
* Inherited tcp://0.0.0.0:3058
* Restarting...
On restart...
Puma starting in single mode...
* Version 3.2.0 (ruby 2.2.1-p85), codename: Spring Is A Heliocentric Viewpoint
* Min threads: 0, max threads: 16
* Environment: development
* Daemonizing...
=== puma startup: 2016-04-30 12:45:02 +0800 ===
* Inherited tcp://0.0.0.0:3058
* Restarting...
On restart...
Puma starting in single mode...
* Version 3.2.0 (ruby 2.2.1-p85), codename: Spring Is A Heliocentric Viewpoint
* Min threads: 0, max threads: 16
* Environment: development
* Daemonizing...
=== puma startup: 2016-04-30 17:45:02 +0800 ===
* Inherited tcp://0.0.0.0:3058
* Restarting...
On restart...
Puma starting in single mode...
* Version 3.2.0 (ruby 2.2.1-p85), codename: Spring Is A Heliocentric Viewpoint
* Min threads: 0, max threads: 16
* Environment: development
* Daemonizing...
=== puma startup: 2016-05-01 07:45:02 +0800 ===
* Inherited tcp://0.0.0.0:3058
* Restarting...
On restart...
Puma starting in single mode...
* Version 3.2.0 (ruby 2.2.1-p85), codename: Spring Is A Heliocentric Viewpoint
* Min threads: 0, max threads: 16
* Environment: development
* Daemonizing...
=== puma startup: 2016-05-01 12:45:02 +0800 ===
* Inherited tcp://0.0.0.0:3058
* Restarting...
On restart...
Puma starting in single mode...
* Version 3.2.0 (ruby 2.2.1-p85), codename: Spring Is A Heliocentric Viewpoint
* Min threads: 0, max threads: 16
* Environment: development
* Daemonizing...
=== puma startup: 2016-05-01 17:45:02 +0800 ===
* Inherited tcp://0.0.0.0:3058
* Restarting...
On restart...
Puma starting in single mode...
* Version 3.2.0 (ruby 2.2.1-p85), codename: Spring Is A Heliocentric Viewpoint
* Min threads: 0, max threads: 16
* Environment: development
* Daemonizing...
=== puma startup: 2016-05-02 07:45:02 +0800 ===
* Inherited tcp://0.0.0.0:3058
* Restarting...
On restart...
Puma starting in single mode...
* Version 3.2.0 (ruby 2.2.1-p85), codename: Spring Is A Heliocentric Viewpoint
* Min threads: 0, max threads: 16
* Environment: development
* Daemonizing...
=== puma startup: 2016-05-02 12:45:02 +0800 ===
* Inherited tcp://0.0.0.0:3058
* Restarting...
On restart...
Puma starting in single mode...
* Version 3.2.0 (ruby 2.2.1-p85), codename: Spring Is A Heliocentric Viewpoint
* Min threads: 0, max threads: 16
* Environment: development
* Daemonizing...
=== puma startup: 2016-05-02 17:45:02 +0800 ===
* Inherited tcp://0.0.0.0:3058
* Restarting...
On restart...
Puma starting in single mode...
* Version 3.2.0 (ruby 2.2.1-p85), codename: Spring Is A Heliocentric Viewpoint
* Min threads: 0, max threads: 16
* Environment: development
* Daemonizing...
=== puma startup: 2016-05-03 07:45:02 +0800 ===
* Inherited tcp://0.0.0.0:3058
* Restarting...
On restart...
Puma starting in single mode...
* Version 3.2.0 (ruby 2.2.1-p85), codename: Spring Is A Heliocentric Viewpoint
* Min threads: 0, max threads: 16
* Environment: development
* Daemonizing...
=== puma startup: 2016-05-03 12:45:02 +0800 ===
* Inherited tcp://0.0.0.0:3058
* Restarting...
On restart...
Puma starting in single mode...
* Version 3.2.0 (ruby 2.2.1-p85), codename: Spring Is A Heliocentric Viewpoint
* Min threads: 0, max threads: 16
* Environment: development
* Daemonizing...
=== puma startup: 2016-05-03 17:45:01 +0800 ===
* Inherited tcp://0.0.0.0:3058
* Restarting...
On restart...
Puma starting in single mode...
* Version 3.2.0 (ruby 2.2.1-p85), codename: Spring Is A Heliocentric Viewpoint
* Min threads: 0, max threads: 16
* Environment: development
* Daemonizing...
=== puma startup: 2016-05-04 07:45:02 +0800 ===
* Inherited tcp://0.0.0.0:3058
* Restarting...
On restart...
Puma starting in single mode...
* Version 3.2.0 (ruby 2.2.1-p85), codename: Spring Is A Heliocentric Viewpoint
* Min threads: 0, max threads: 16
* Environment: development
* Daemonizing...
=== puma startup: 2016-05-04 12:45:02 +0800 ===
* Inherited tcp://0.0.0.0:3058
* Restarting...
On restart...
Puma starting in single mode...
* Version 3.2.0 (ruby 2.2.1-p85), codename: Spring Is A Heliocentric Viewpoint
* Min threads: 0, max threads: 16
* Environment: development
* Daemonizing...
=== puma startup: 2016-05-04 17:45:02 +0800 ===
* Inherited tcp://0.0.0.0:3058
* Restarting...
On restart...
Puma starting in single mode...
* Version 3.2.0 (ruby 2.2.1-p85), codename: Spring Is A Heliocentric Viewpoint
* Min threads: 0, max threads: 16
* Environment: development
* Daemonizing...
=== puma startup: 2016-05-05 07:45:02 +0800 ===
* Inherited tcp://0.0.0.0:3058
* Restarting...
On restart...
Puma starting in single mode...
* Version 3.2.0 (ruby 2.2.1-p85), codename: Spring Is A Heliocentric Viewpoint
* Min threads: 0, max threads: 16
* Environment: development
* Daemonizing...
=== puma startup: 2016-05-05 12:45:01 +0800 ===
* Inherited tcp://0.0.0.0:3058
* Restarting...
On restart...
Puma starting in single mode...
* Version 3.2.0 (ruby 2.2.1-p85), codename: Spring Is A Heliocentric Viewpoint
* Min threads: 0, max threads: 16
* Environment: development
* Daemonizing...
=== puma startup: 2016-05-05 17:45:02 +0800 ===
* Inherited tcp://0.0.0.0:3058
* Restarting...
On restart...
Puma starting in single mode...
* Version 3.2.0 (ruby 2.2.1-p85), codename: Spring Is A Heliocentric Viewpoint
* Min threads: 0, max threads: 16
* Environment: development
* Daemonizing...
=== puma startup: 2016-05-06 07:45:02 +0800 ===
* Inherited tcp://0.0.0.0:3058
* Restarting...
On restart...
Puma starting in single mode...
* Version 3.2.0 (ruby 2.2.1-p85), codename: Spring Is A Heliocentric Viewpoint
* Min threads: 0, max threads: 16
* Environment: development
* Daemonizing...
=== puma startup: 2016-05-06 12:45:01 +0800 ===
* Inherited tcp://0.0.0.0:3058
* Restarting...
On restart...
Puma starting in single mode...
* Version 3.2.0 (ruby 2.2.1-p85), codename: Spring Is A Heliocentric Viewpoint
* Min threads: 0, max threads: 16
* Environment: development
* Daemonizing...
=== puma startup: 2016-05-06 17:45:02 +0800 ===
* Inherited tcp://0.0.0.0:3058
* Restarting...
On restart...
Puma starting in single mode...
* Version 3.2.0 (ruby 2.2.1-p85), codename: Spring Is A Heliocentric Viewpoint
* Min threads: 0, max threads: 16
* Environment: development
* Daemonizing...
=== puma startup: 2016-05-07 07:45:02 +0800 ===
* Inherited tcp://0.0.0.0:3058
* Restarting...
On restart...
Puma starting in single mode...
* Version 3.2.0 (ruby 2.2.1-p85), codename: Spring Is A Heliocentric Viewpoint
* Min threads: 0, max threads: 16
* Environment: development
* Daemonizing...
=== puma startup: 2016-05-07 12:45:01 +0800 ===
* Inherited tcp://0.0.0.0:3058
* Restarting...
On restart...
Puma starting in single mode...
* Version 3.2.0 (ruby 2.2.1-p85), codename: Spring Is A Heliocentric Viewpoint
* Min threads: 0, max threads: 16
* Environment: development
* Daemonizing...
=== puma startup: 2016-05-07 17:45:02 +0800 ===
* Inherited tcp://0.0.0.0:3058
* Restarting...
On restart...
Puma starting in single mode...
* Version 3.2.0 (ruby 2.2.1-p85), codename: Spring Is A Heliocentric Viewpoint
* Min threads: 0, max threads: 16
* Environment: development
* Daemonizing...
=== puma startup: 2016-05-08 07:45:02 +0800 ===
* Inherited tcp://0.0.0.0:3058
* Restarting...
On restart...
Puma starting in single mode...
* Version 3.2.0 (ruby 2.2.1-p85), codename: Spring Is A Heliocentric Viewpoint
* Min threads: 0, max threads: 16
* Environment: development
* Daemonizing...
=== puma startup: 2016-05-08 12:45:02 +0800 ===
* Inherited tcp://0.0.0.0:3058
* Restarting...
On restart...
Puma starting in single mode...
* Version 3.2.0 (ruby 2.2.1-p85), codename: Spring Is A Heliocentric Viewpoint
* Min threads: 0, max threads: 16
* Environment: development
* Daemonizing...
=== puma startup: 2016-05-08 17:45:02 +0800 ===
* Inherited tcp://0.0.0.0:3058
* Restarting...
On restart...
Puma starting in single mode...
* Version 3.2.0 (ruby 2.2.1-p85), codename: Spring Is A Heliocentric Viewpoint
* Min threads: 0, max threads: 16
* Environment: development
* Daemonizing...
=== puma startup: 2016-05-09 07:45:01 +0800 ===
* Inherited tcp://0.0.0.0:3058
=== puma startup: 2016-05-09 08:22:05 +0800 ===
=== puma startup: 2016-05-09 08:22:10 +0800 ===
! Unable to load application: Gem::LoadError: You have already activated puma 3.4.0, but your Gemfile requires puma 3.2.0. Prepending `bundle exec` to your command may solve this.
=== puma startup: 2016-05-09 08:23:48 +0800 ===
=== puma startup: 2016-05-09 08:23:50 +0800 ===
! Unable to load application: Gem::LoadError: You have already activated puma 3.4.0, but your Gemfile requires puma 3.2.0. Prepending `bundle exec` to your command may solve this.
* Restarting...
On restart...
Puma starting in single mode...
* Version 3.2.0 (ruby 2.2.1-p85), codename: Spring Is A Heliocentric Viewpoint
* Min threads: 0, max threads: 16
* Environment: development
* Daemonizing...
=== puma startup: 2016-05-09 12:45:02 +0800 ===
* Inherited tcp://0.0.0.0:3058
* Restarting...
On restart...
Puma starting in single mode...
* Version 3.2.0 (ruby 2.2.1-p85), codename: Spring Is A Heliocentric Viewpoint
* Min threads: 0, max threads: 16
* Environment: development
* Daemonizing...
=== puma startup: 2016-05-09 17:45:02 +0800 ===
* Inherited tcp://0.0.0.0:3058
* Restarting...
On restart...
Puma starting in single mode...
* Version 3.2.0 (ruby 2.2.1-p85), codename: Spring Is A Heliocentric Viewpoint
* Min threads: 0, max threads: 16
* Environment: development
* Daemonizing...
=== puma startup: 2016-05-10 08:01:09 +0800 ===
* Inherited tcp://0.0.0.0:3058
* Restarting...
On restart...
Puma starting in single mode...
* Version 3.2.0 (ruby 2.2.1-p85), codename: Spring Is A Heliocentric Viewpoint
* Min threads: 0, max threads: 16
* Environment: development
* Daemonizing...
=== puma startup: 2016-05-10 12:45:02 +0800 ===
* Inherited tcp://0.0.0.0:3058
* Restarting...
On restart...
Puma starting in single mode...
* Version 3.2.0 (ruby 2.2.1-p85), codename: Spring Is A Heliocentric Viewpoint
* Min threads: 0, max threads: 16
* Environment: development
* Daemonizing...
=== puma startup: 2016-05-10 18:01:09 +0800 ===
* Inherited tcp://0.0.0.0:3058
* Restarting...
On restart...
Puma starting in single mode...
* Version 3.2.0 (ruby 2.2.1-p85), codename: Spring Is A Heliocentric Viewpoint
* Min threads: 0, max threads: 16
* Environment: development
* Daemonizing...
=== puma startup: 2016-05-11 08:01:21 +0800 ===
* Inherited tcp://0.0.0.0:3058
* Restarting...
On restart...
Puma starting in single mode...
* Version 3.2.0 (ruby 2.2.1-p85), codename: Spring Is A Heliocentric Viewpoint
* Min threads: 0, max threads: 16
* Environment: development
* Daemonizing...
=== puma startup: 2016-05-11 12:45:02 +0800 ===
* Inherited tcp://0.0.0.0:3058
* Restarting...
On restart...
Puma starting in single mode...
* Version 3.2.0 (ruby 2.2.1-p85), codename: Spring Is A Heliocentric Viewpoint
* Min threads: 0, max threads: 16
* Environment: development
* Daemonizing...
=== puma startup: 2016-05-11 17:45:02 +0800 ===
* Inherited tcp://0.0.0.0:3058
* Restarting...
On restart...
Puma starting in single mode...
* Version 3.2.0 (ruby 2.2.1-p85), codename: Spring Is A Heliocentric Viewpoint
* Min threads: 0, max threads: 16
* Environment: development
* Daemonizing...
=== puma startup: 2016-05-12 08:01:09 +0800 ===
* Inherited tcp://0.0.0.0:3058
* Restarting...
On restart...
Puma starting in single mode...
* Version 3.2.0 (ruby 2.2.1-p85), codename: Spring Is A Heliocentric Viewpoint
* Min threads: 0, max threads: 16
* Environment: development
* Daemonizing...
=== puma startup: 2016-05-12 12:45:02 +0800 ===
* Inherited tcp://0.0.0.0:3058
* Restarting...
On restart...
Puma starting in single mode...
* Version 3.2.0 (ruby 2.2.1-p85), codename: Spring Is A Heliocentric Viewpoint
* Min threads: 0, max threads: 16
* Environment: development
* Daemonizing...
=== puma startup: 2016-05-12 17:45:02 +0800 ===
* Inherited tcp://0.0.0.0:3058
* Restarting...
On restart...
Puma starting in single mode...
* Version 3.2.0 (ruby 2.2.1-p85), codename: Spring Is A Heliocentric Viewpoint
* Min threads: 0, max threads: 16
* Environment: development
* Daemonizing...
=== puma startup: 2016-05-13 07:45:02 +0800 ===
* Inherited tcp://0.0.0.0:3058
* Restarting...
On restart...
Puma starting in single mode...
* Version 3.2.0 (ruby 2.2.1-p85), codename: Spring Is A Heliocentric Viewpoint
* Min threads: 0, max threads: 16
* Environment: development
* Daemonizing...
=== puma startup: 2016-05-13 12:45:02 +0800 ===
* Inherited tcp://0.0.0.0:3058
* Restarting...
On restart...
Puma starting in single mode...
* Version 3.2.0 (ruby 2.2.1-p85), codename: Spring Is A Heliocentric Viewpoint
* Min threads: 0, max threads: 16
* Environment: development
* Daemonizing...
=== puma startup: 2016-05-13 17:45:02 +0800 ===
* Inherited tcp://0.0.0.0:3058
* Restarting...
On restart...
Puma starting in single mode...
* Version 3.2.0 (ruby 2.2.1-p85), codename: Spring Is A Heliocentric Viewpoint
* Min threads: 0, max threads: 16
* Environment: development
* Daemonizing...
=== puma startup: 2016-05-14 08:01:14 +0800 ===
* Inherited tcp://0.0.0.0:3058
* Restarting...
On restart...
Puma starting in single mode...
* Version 3.2.0 (ruby 2.2.1-p85), codename: Spring Is A Heliocentric Viewpoint
* Min threads: 0, max threads: 16
* Environment: development
* Daemonizing...
=== puma startup: 2016-05-14 12:45:02 +0800 ===
* Inherited tcp://0.0.0.0:3058
* Restarting...
On restart...
Puma starting in single mode...
* Version 3.2.0 (ruby 2.2.1-p85), codename: Spring Is A Heliocentric Viewpoint
* Min threads: 0, max threads: 16
* Environment: development
* Daemonizing...
=== puma startup: 2016-05-14 17:45:02 +0800 ===
* Inherited tcp://0.0.0.0:3058
* Restarting...
On restart...
Puma starting in single mode...
* Version 3.2.0 (ruby 2.2.1-p85), codename: Spring Is A Heliocentric Viewpoint
* Min threads: 0, max threads: 16
* Environment: development
* Daemonizing...
=== puma startup: 2016-05-15 07:45:02 +0800 ===
* Inherited tcp://0.0.0.0:3058
* Restarting...
On restart...
Puma starting in single mode...
* Version 3.2.0 (ruby 2.2.1-p85), codename: Spring Is A Heliocentric Viewpoint
* Min threads: 0, max threads: 16
* Environment: development
* Daemonizing...
=== puma startup: 2016-05-15 12:45:01 +0800 ===
* Inherited tcp://0.0.0.0:3058
* Restarting...
On restart...
Puma starting in single mode...
* Version 3.2.0 (ruby 2.2.1-p85), codename: Spring Is A Heliocentric Viewpoint
* Min threads: 0, max threads: 16
* Environment: development
* Daemonizing...
=== puma startup: 2016-05-15 17:45:02 +0800 ===
* Inherited tcp://0.0.0.0:3058
* Restarting...
On restart...
Puma starting in single mode...
* Version 3.2.0 (ruby 2.2.1-p85), codename: Spring Is A Heliocentric Viewpoint
* Min threads: 0, max threads: 16
* Environment: development
* Daemonizing...
=== puma startup: 2016-05-16 07:45:02 +0800 ===
* Inherited tcp://0.0.0.0:3058
* Restarting...
On restart...
Puma starting in single mode...
* Version 3.2.0 (ruby 2.2.1-p85), codename: Spring Is A Heliocentric Viewpoint
* Min threads: 0, max threads: 16
* Environment: development
* Daemonizing...
=== puma startup: 2016-05-16 12:45:02 +0800 ===
* Inherited tcp://0.0.0.0:3058
* Restarting...
On restart...
Puma starting in single mode...
* Version 3.2.0 (ruby 2.2.1-p85), codename: Spring Is A Heliocentric Viewpoint
* Min threads: 0, max threads: 16
* Environment: development
* Daemonizing...
=== puma startup: 2016-05-16 17:45:02 +0800 ===
* Inherited tcp://0.0.0.0:3058
* Restarting...
On restart...
Puma starting in single mode...
* Version 3.2.0 (ruby 2.2.1-p85), codename: Spring Is A Heliocentric Viewpoint
* Min threads: 0, max threads: 16
* Environment: development
* Daemonizing...
=== puma startup: 2016-05-17 07:45:01 +0800 ===
* Inherited tcp://0.0.0.0:3058
* Restarting...
On restart...
Puma starting in single mode...
* Version 3.2.0 (ruby 2.2.1-p85), codename: Spring Is A Heliocentric Viewpoint
* Min threads: 0, max threads: 16
* Environment: development
* Daemonizing...
=== puma startup: 2016-05-17 12:45:02 +0800 ===
* Inherited tcp://0.0.0.0:3058
* Restarting...
On restart...
Puma starting in single mode...
* Version 3.2.0 (ruby 2.2.1-p85), codename: Spring Is A Heliocentric Viewpoint
* Min threads: 0, max threads: 16
* Environment: development
* Daemonizing...
=== puma startup: 2016-05-17 17:45:02 +0800 ===
* Inherited tcp://0.0.0.0:3058
* Restarting...
On restart...
Puma starting in single mode...
* Version 3.2.0 (ruby 2.2.1-p85), codename: Spring Is A Heliocentric Viewpoint
* Min threads: 0, max threads: 16
* Environment: development
* Daemonizing...
=== puma startup: 2016-05-18 07:45:02 +0800 ===
* Inherited tcp://0.0.0.0:3058
* Restarting...
On restart...
Puma starting in single mode...
* Version 3.2.0 (ruby 2.2.1-p85), codename: Spring Is A Heliocentric Viewpoint
* Min threads: 0, max threads: 16
* Environment: development
* Daemonizing...
=== puma startup: 2016-05-18 12:45:02 +0800 ===
* Inherited tcp://0.0.0.0:3058
* Restarting...
On restart...
Puma starting in single mode...
* Version 3.2.0 (ruby 2.2.1-p85), codename: Spring Is A Heliocentric Viewpoint
* Min threads: 0, max threads: 16
* Environment: development
* Daemonizing...
=== puma startup: 2016-05-18 17:45:02 +0800 ===
* Inherited tcp://0.0.0.0:3058
* Restarting...
On restart...
Puma starting in single mode...
* Version 3.2.0 (ruby 2.2.1-p85), codename: Spring Is A Heliocentric Viewpoint
* Min threads: 0, max threads: 16
* Environment: development
* Daemonizing...
=== puma startup: 2016-05-19 07:45:02 +0800 ===
* Inherited tcp://0.0.0.0:3058
=== puma startup: 2016-07-12 09:10:23 +0800 ===
! Unable to load application: Gem::LoadError: You have already activated puma 3.4.0, but your Gemfile requires puma 3.2.0. Prepending `bundle exec` to your command may solve this.
=== puma startup: 2016-07-12 09:17:21 +0800 ===
! Unable to load application: Gem::LoadError: You have already activated rack 1.6.4, but your Gemfile requires rack 1.5.5. Prepending `bundle exec` to your command may solve this.
=== puma startup: 2016-07-12 09:22:54 +0800 ===
! Unable to load application: Gem::LoadError: You have already activated rack 1.6.4, but your Gemfile requires rack 1.5.5. Prepending `bundle exec` to your command may solve this.
=== puma startup: 2016-07-12 09:57:46 +0800 ===
! Unable to load application: Gem::LoadError: You have already activated rack 1.6.4, but your Gemfile requires rack 1.5.5. Prepending `bundle exec` to your command may solve this.
=== puma startup: 2016-07-12 09:57:58 +0800 ===
=== puma startup: 2016-07-12 10:37:21 +0800 ===
- Gracefully stopping, waiting for requests to finish
=== puma shutdown: 2016-07-12 10:37:27 +0800 ===
- Goodbye!
=== puma startup: 2016-07-12 10:38:11 +0800 ===
* Listening on tcp://0.0.0.0:3058
=== puma startup: 2016-09-20 09:07:06 +0800 ===
* Listening on tcp://0.0.0.0:3058
=== puma startup: 2016-09-30 08:36:13 +0800 ===
* Listening on tcp://0.0.0.0:3058
=== puma startup: 2016-09-30 13:21:39 +0800 ===
* Listening on tcp://0.0.0.0:3058
=== puma startup: 2016-10-06 09:38:34 +0800 ===
* Listening on tcp://0.0.0.0:3058
=== puma startup: 2016-10-20 10:34:33 +0800 ===
* Listening on tcp://0.0.0.0:3058
=== puma startup: 2016-10-24 17:46:00 +0800 ===
- Gracefully stopping, waiting for requests to finish
=== puma shutdown: 2016-10-24 17:46:00 +0800 ===
- Goodbye!
=== puma startup: 2016-10-25 15:15:53 +0800 ===
* Listening on tcp://0.0.0.0:3058
=== puma startup: 2016-10-25 15:16:06 +0800 ===
* Listening on tcp://0.0.0.0:3000
=== puma startup: 2016-10-25 15:19:41 +0800 ===
* Listening on tcp://0.0.0.0:3058
=== puma startup: 2016-11-02 13:35:34 +0800 ===
* Listening on tcp://0.0.0.0:333358
=== puma startup: 2016-11-02 13:36:44 +0800 ===
* Listening on tcp://0.0.0.0:3358
=== puma startup: 2016-12-20 17:09:08 +0800 ===
* Listening on tcp://0.0.0.0:3358
=== puma startup: 2016-12-20 17:49:37 +0800 ===
* Listening on tcp://0.0.0.0:3358
=== puma startup: 2017-01-02 10:20:33 +0800 ===
* Listening on tcp://0.0.0.0:3358
=== puma startup: 2017-01-03 09:37:55 +0800 ===
* Listening on tcp://0.0.0.0:3358
=== puma startup: 2017-01-05 08:42:32 +0800 ===
* Listening on tcp://0.0.0.0:3358
=== puma startup: 2017-01-05 13:54:30 +0800 ===
* Listening on tcp://0.0.0.0:3358
=== puma startup: 2017-01-06 09:09:16 +0800 ===
- Gracefully stopping, waiting for requests to finish
=== puma shutdown: 2017-01-06 09:09:16 +0800 ===
- Goodbye!
=== puma startup: 2017-01-06 09:17:40 +0800 ===
* Listening on tcp://0.0.0.0:3358
=== puma startup: 2017-01-06 16:47:33 +0800 ===
* Listening on tcp://0.0.0.0:3358
=== puma startup: 2017-01-13 17:36:08 +0800 ===
* Listening on tcp://0.0.0.0:3358
=== puma startup: 2017-03-17 08:17:12 +0800 ===
* Listening on tcp://0.0.0.0:3358
=== puma startup: 2017-07-07 14:59:36 +0800 ===
* Listening on tcp://0.0.0.0:3358
=== puma startup: 2017-07-07 15:03:12 +0800 ===
* Listening on tcp://0.0.0.0:3358
=== puma startup: 2017-08-17 09:46:47 +0800 ===
- Gracefully stopping, waiting for requests to finish
=== puma shutdown: 2017-08-17 09:46:47 +0800 ===
- Goodbye!
=== puma startup: 2017-08-17 09:53:22 +0800 ===
* Listening on tcp://0.0.0.0:3358
=== puma startup: 2018-04-04 08:07:03 +0800 ===
- Gracefully stopping, waiting for requests to finish
=== puma shutdown: 2018-04-04 08:07:03 +0800 ===
- Goodbye!
=== puma startup: 2018-04-04 09:02:53 +0800 ===
* Listening on tcp://0.0.0.0:3358
=== puma startup: 2018-04-07 08:44:44 +0800 ===
* Listening on tcp://0.0.0.0:3358
