=== puma startup: 2016-04-09 09:51:15 +0800 ===
/usr/local/rvm/gems/ruby-2.2.1/gems/bundler-1.11.2/lib/bundler/rubygems_integration.rb:304:in `block in replace_gem': puma is not part of the bundle. Add it to Gemfile. (Gem::LoadError)
	from /usr/local/rvm/gems/ruby-2.2.1/bin/puma:22:in `<main>'
=== puma startup: 2016-04-09 09:54:11 +0800 ===
=== puma startup: 2016-04-09 09:54:35 +0800 ===
=== puma startup: 2016-04-09 09:57:13 +0800 ===
=== puma startup: 2016-04-09 10:00:06 +0800 ===
=== puma startup: 2016-04-09 22:00:04 +0800 ===
=== puma startup: 2016-04-09 22:00:43 +0800 ===
=== puma startup: 2016-04-10 08:31:08 +0800 ===
=== puma startup: 2016-04-10 12:45:02 +0800 ===
=== puma startup: 2016-04-10 17:45:02 +0800 ===
=== puma startup: 2016-04-11 07:45:02 +0800 ===
=== puma startup: 2016-04-11 12:45:02 +0800 ===
=== puma startup: 2016-04-11 17:45:02 +0800 ===
=== puma startup: 2016-04-12 08:01:15 +0800 ===
=== puma startup: 2016-04-12 12:45:02 +0800 ===
=== puma startup: 2016-04-12 17:45:02 +0800 ===
=== puma startup: 2016-04-13 07:45:02 +0800 ===
=== puma startup: 2016-04-13 12:45:02 +0800 ===
=== puma startup: 2016-04-13 17:45:02 +0800 ===
=== puma startup: 2016-04-14 07:45:02 +0800 ===
=== puma startup: 2016-04-14 13:01:09 +0800 ===
=== puma startup: 2016-04-14 17:45:02 +0800 ===
=== puma startup: 2016-04-15 07:45:02 +0800 ===
=== puma startup: 2016-04-15 13:01:23 +0800 ===
=== puma startup: 2016-04-15 17:45:02 +0800 ===
=== puma startup: 2016-04-16 07:45:01 +0800 ===
=== puma startup: 2016-04-16 12:45:02 +0800 ===
=== puma startup: 2016-04-16 17:45:02 +0800 ===
=== puma startup: 2016-04-17 08:01:25 +0800 ===
=== puma startup: 2016-04-17 12:45:02 +0800 ===
=== puma startup: 2016-04-17 17:45:02 +0800 ===
=== puma startup: 2016-04-18 08:01:09 +0800 ===
=== puma startup: 2016-04-18 12:45:02 +0800 ===
=== puma startup: 2016-04-18 17:45:01 +0800 ===
=== puma startup: 2016-04-19 07:45:02 +0800 ===
=== puma startup: 2016-04-19 12:45:02 +0800 ===
=== puma startup: 2016-04-19 17:45:02 +0800 ===
=== puma startup: 2016-04-20 08:01:12 +0800 ===
=== puma startup: 2016-04-20 12:45:01 +0800 ===
=== puma startup: 2016-04-20 17:45:02 +0800 ===
=== puma startup: 2016-04-21 08:01:10 +0800 ===
=== puma startup: 2016-04-21 12:45:02 +0800 ===
=== puma startup: 2016-04-21 17:45:02 +0800 ===
=== puma startup: 2016-04-22 08:01:10 +0800 ===
=== puma startup: 2016-04-22 12:45:02 +0800 ===
=== puma startup: 2016-04-22 17:45:02 +0800 ===
=== puma startup: 2016-04-23 08:01:11 +0800 ===
=== puma startup: 2016-04-23 12:45:02 +0800 ===
=== puma startup: 2016-04-23 17:45:02 +0800 ===
=== puma startup: 2016-04-24 08:01:09 +0800 ===
=== puma startup: 2016-04-24 12:45:02 +0800 ===
=== puma startup: 2016-04-24 17:45:02 +0800 ===
=== puma startup: 2016-04-25 07:45:02 +0800 ===
=== puma startup: 2016-04-25 12:45:02 +0800 ===
=== puma startup: 2016-04-25 17:45:01 +0800 ===
=== puma startup: 2016-04-26 08:01:11 +0800 ===
=== puma startup: 2016-04-26 12:45:02 +0800 ===
=== puma startup: 2016-04-26 17:45:02 +0800 ===
=== puma startup: 2016-04-27 07:45:02 +0800 ===
=== puma startup: 2016-04-27 12:45:01 +0800 ===
=== puma startup: 2016-04-27 17:45:02 +0800 ===
=== puma startup: 2016-04-28 07:45:02 +0800 ===
=== puma startup: 2016-04-28 12:45:02 +0800 ===
=== puma startup: 2016-04-28 17:45:02 +0800 ===
=== puma startup: 2016-04-29 07:45:02 +0800 ===
=== puma startup: 2016-04-29 12:45:02 +0800 ===
=== puma startup: 2016-04-29 17:45:02 +0800 ===
=== puma startup: 2016-04-30 07:45:01 +0800 ===
=== puma startup: 2016-04-30 12:45:02 +0800 ===
=== puma startup: 2016-04-30 17:45:02 +0800 ===
=== puma startup: 2016-05-01 07:45:02 +0800 ===
=== puma startup: 2016-05-01 12:45:02 +0800 ===
=== puma startup: 2016-05-01 17:45:02 +0800 ===
=== puma startup: 2016-05-02 07:45:02 +0800 ===
=== puma startup: 2016-05-02 12:45:02 +0800 ===
=== puma startup: 2016-05-02 17:45:02 +0800 ===
=== puma startup: 2016-05-03 07:45:02 +0800 ===
=== puma startup: 2016-05-03 12:45:02 +0800 ===
=== puma startup: 2016-05-03 17:45:01 +0800 ===
=== puma startup: 2016-05-04 07:45:02 +0800 ===
=== puma startup: 2016-05-04 12:45:02 +0800 ===
=== puma startup: 2016-05-04 17:45:02 +0800 ===
=== puma startup: 2016-05-05 07:45:02 +0800 ===
=== puma startup: 2016-05-05 12:45:01 +0800 ===
=== puma startup: 2016-05-05 17:45:02 +0800 ===
=== puma startup: 2016-05-06 07:45:02 +0800 ===
=== puma startup: 2016-05-06 12:45:01 +0800 ===
=== puma startup: 2016-05-06 17:45:02 +0800 ===
=== puma startup: 2016-05-07 07:45:02 +0800 ===
=== puma startup: 2016-05-07 12:45:01 +0800 ===
=== puma startup: 2016-05-07 17:45:02 +0800 ===
=== puma startup: 2016-05-08 07:45:02 +0800 ===
=== puma startup: 2016-05-08 12:45:02 +0800 ===
=== puma startup: 2016-05-08 17:45:02 +0800 ===
=== puma startup: 2016-05-09 07:45:01 +0800 ===
=== puma startup: 2016-05-09 08:22:05 +0800 ===
ERROR: No application configured, nothing to run
=== puma startup: 2016-05-09 08:22:10 +0800 ===
/usr/local/rvm/gems/ruby-2.2.1/gems/bundler-1.11.2/lib/bundler/runtime.rb:34:in `block in setup': You have already activated puma 3.4.0, but your Gemfile requires puma 3.2.0. Prepending `bundle exec` to your command may solve this. (Gem::LoadError)
	from /usr/local/rvm/gems/ruby-2.2.1/gems/bundler-1.11.2/lib/bundler/runtime.rb:19:in `setup'
	from /usr/local/rvm/gems/ruby-2.2.1/gems/bundler-1.11.2/lib/bundler.rb:92:in `setup'
	from /usr/local/rvm/gems/ruby-2.2.1/gems/bundler-1.11.2/lib/bundler/setup.rb:18:in `<top (required)>'
	from /usr/local/rvm/rubies/ruby-2.2.1/lib/ruby/site_ruby/2.2.0/rubygems/core_ext/kernel_require.rb:128:in `require'
	from /usr/local/rvm/rubies/ruby-2.2.1/lib/ruby/site_ruby/2.2.0/rubygems/core_ext/kernel_require.rb:128:in `rescue in require'
	from /usr/local/rvm/rubies/ruby-2.2.1/lib/ruby/site_ruby/2.2.0/rubygems/core_ext/kernel_require.rb:39:in `require'
	from /home/barweb/config/boot.rb:4:in `<top (required)>'
	from /usr/local/rvm/rubies/ruby-2.2.1/lib/ruby/site_ruby/2.2.0/rubygems/core_ext/kernel_require.rb:54:in `require'
	from /usr/local/rvm/rubies/ruby-2.2.1/lib/ruby/site_ruby/2.2.0/rubygems/core_ext/kernel_require.rb:54:in `require'
	from /home/barweb/config/application.rb:1:in `<top (required)>'
	from /usr/local/rvm/rubies/ruby-2.2.1/lib/ruby/site_ruby/2.2.0/rubygems/core_ext/kernel_require.rb:54:in `require'
	from /usr/local/rvm/rubies/ruby-2.2.1/lib/ruby/site_ruby/2.2.0/rubygems/core_ext/kernel_require.rb:54:in `require'
	from /home/barweb/config/environment.rb:2:in `<top (required)>'
	from /usr/local/rvm/rubies/ruby-2.2.1/lib/ruby/site_ruby/2.2.0/rubygems/core_ext/kernel_require.rb:54:in `require'
	from /usr/local/rvm/rubies/ruby-2.2.1/lib/ruby/site_ruby/2.2.0/rubygems/core_ext/kernel_require.rb:54:in `require'
	from config.ru:3:in `block in <main>'
	from /usr/local/rvm/gems/ruby-2.2.1/gems/rack-1.6.4/lib/rack/builder.rb:55:in `instance_eval'
	from /usr/local/rvm/gems/ruby-2.2.1/gems/rack-1.6.4/lib/rack/builder.rb:55:in `initialize'
	from config.ru:in `new'
	from config.ru:in `<main>'
	from /usr/local/rvm/gems/ruby-2.2.1/gems/rack-1.6.4/lib/rack/builder.rb:49:in `eval'
	from /usr/local/rvm/gems/ruby-2.2.1/gems/rack-1.6.4/lib/rack/builder.rb:49:in `new_from_string'
	from /usr/local/rvm/gems/ruby-2.2.1/gems/rack-1.6.4/lib/rack/builder.rb:40:in `parse_file'
	from /usr/local/rvm/gems/ruby-2.2.1/gems/puma-3.4.0/lib/puma/configuration.rb:313:in `load_rackup'
	from /usr/local/rvm/gems/ruby-2.2.1/gems/puma-3.4.0/lib/puma/configuration.rb:242:in `app'
	from /usr/local/rvm/gems/ruby-2.2.1/gems/puma-3.4.0/lib/puma/runner.rb:123:in `load_and_bind'
	from /usr/local/rvm/gems/ruby-2.2.1/gems/puma-3.4.0/lib/puma/single.rb:84:in `run'
	from /usr/local/rvm/gems/ruby-2.2.1/gems/puma-3.4.0/lib/puma/launcher.rb:172:in `run'
	from /usr/local/rvm/gems/ruby-2.2.1/gems/puma-3.4.0/lib/puma/cli.rb:74:in `run'
	from /usr/local/rvm/gems/ruby-2.2.1/gems/puma-3.4.0/bin/puma:10:in `<top (required)>'
	from /usr/local/rvm/gems/ruby-2.2.1/bin/puma:23:in `load'
	from /usr/local/rvm/gems/ruby-2.2.1/bin/puma:23:in `<main>'
=== puma startup: 2016-05-09 08:23:48 +0800 ===
ERROR: No application configured, nothing to run
=== puma startup: 2016-05-09 08:23:50 +0800 ===
/usr/local/rvm/gems/ruby-2.2.1/gems/bundler-1.11.2/lib/bundler/runtime.rb:34:in `block in setup': You have already activated puma 3.4.0, but your Gemfile requires puma 3.2.0. Prepending `bundle exec` to your command may solve this. (Gem::LoadError)
	from /usr/local/rvm/gems/ruby-2.2.1/gems/bundler-1.11.2/lib/bundler/runtime.rb:19:in `setup'
	from /usr/local/rvm/gems/ruby-2.2.1/gems/bundler-1.11.2/lib/bundler.rb:92:in `setup'
	from /usr/local/rvm/gems/ruby-2.2.1/gems/bundler-1.11.2/lib/bundler/setup.rb:18:in `<top (required)>'
	from /usr/local/rvm/rubies/ruby-2.2.1/lib/ruby/site_ruby/2.2.0/rubygems/core_ext/kernel_require.rb:128:in `require'
	from /usr/local/rvm/rubies/ruby-2.2.1/lib/ruby/site_ruby/2.2.0/rubygems/core_ext/kernel_require.rb:128:in `rescue in require'
	from /usr/local/rvm/rubies/ruby-2.2.1/lib/ruby/site_ruby/2.2.0/rubygems/core_ext/kernel_require.rb:39:in `require'
	from /home/barweb/config/boot.rb:4:in `<top (required)>'
	from /usr/local/rvm/rubies/ruby-2.2.1/lib/ruby/site_ruby/2.2.0/rubygems/core_ext/kernel_require.rb:54:in `require'
	from /usr/local/rvm/rubies/ruby-2.2.1/lib/ruby/site_ruby/2.2.0/rubygems/core_ext/kernel_require.rb:54:in `require'
	from /home/barweb/config/application.rb:1:in `<top (required)>'
	from /usr/local/rvm/rubies/ruby-2.2.1/lib/ruby/site_ruby/2.2.0/rubygems/core_ext/kernel_require.rb:54:in `require'
	from /usr/local/rvm/rubies/ruby-2.2.1/lib/ruby/site_ruby/2.2.0/rubygems/core_ext/kernel_require.rb:54:in `require'
	from /home/barweb/config/environment.rb:2:in `<top (required)>'
	from /usr/local/rvm/rubies/ruby-2.2.1/lib/ruby/site_ruby/2.2.0/rubygems/core_ext/kernel_require.rb:54:in `require'
	from /usr/local/rvm/rubies/ruby-2.2.1/lib/ruby/site_ruby/2.2.0/rubygems/core_ext/kernel_require.rb:54:in `require'
	from config.ru:3:in `block in <main>'
	from /usr/local/rvm/gems/ruby-2.2.1/gems/rack-1.6.4/lib/rack/builder.rb:55:in `instance_eval'
	from /usr/local/rvm/gems/ruby-2.2.1/gems/rack-1.6.4/lib/rack/builder.rb:55:in `initialize'
	from config.ru:in `new'
	from config.ru:in `<main>'
	from /usr/local/rvm/gems/ruby-2.2.1/gems/rack-1.6.4/lib/rack/builder.rb:49:in `eval'
	from /usr/local/rvm/gems/ruby-2.2.1/gems/rack-1.6.4/lib/rack/builder.rb:49:in `new_from_string'
	from /usr/local/rvm/gems/ruby-2.2.1/gems/rack-1.6.4/lib/rack/builder.rb:40:in `parse_file'
	from /usr/local/rvm/gems/ruby-2.2.1/gems/puma-3.4.0/lib/puma/configuration.rb:313:in `load_rackup'
	from /usr/local/rvm/gems/ruby-2.2.1/gems/puma-3.4.0/lib/puma/configuration.rb:242:in `app'
	from /usr/local/rvm/gems/ruby-2.2.1/gems/puma-3.4.0/lib/puma/runner.rb:123:in `load_and_bind'
	from /usr/local/rvm/gems/ruby-2.2.1/gems/puma-3.4.0/lib/puma/single.rb:84:in `run'
	from /usr/local/rvm/gems/ruby-2.2.1/gems/puma-3.4.0/lib/puma/launcher.rb:172:in `run'
	from /usr/local/rvm/gems/ruby-2.2.1/gems/puma-3.4.0/lib/puma/cli.rb:74:in `run'
	from /usr/local/rvm/gems/ruby-2.2.1/gems/puma-3.4.0/bin/puma:10:in `<top (required)>'
	from /usr/local/rvm/gems/ruby-2.2.1/bin/puma:23:in `load'
	from /usr/local/rvm/gems/ruby-2.2.1/bin/puma:23:in `<main>'
=== puma startup: 2016-05-09 12:45:02 +0800 ===
=== puma startup: 2016-05-09 17:45:02 +0800 ===
=== puma startup: 2016-05-10 08:01:09 +0800 ===
=== puma startup: 2016-05-10 12:45:02 +0800 ===
=== puma startup: 2016-05-10 18:01:09 +0800 ===
=== puma startup: 2016-05-11 08:01:21 +0800 ===
=== puma startup: 2016-05-11 12:45:02 +0800 ===
=== puma startup: 2016-05-11 17:45:02 +0800 ===
=== puma startup: 2016-05-12 08:01:09 +0800 ===
=== puma startup: 2016-05-12 12:45:02 +0800 ===
=== puma startup: 2016-05-12 17:45:02 +0800 ===
=== puma startup: 2016-05-13 07:45:02 +0800 ===
=== puma startup: 2016-05-13 12:45:02 +0800 ===
=== puma startup: 2016-05-13 17:45:02 +0800 ===
=== puma startup: 2016-05-14 08:01:14 +0800 ===
=== puma startup: 2016-05-14 12:45:02 +0800 ===
=== puma startup: 2016-05-14 17:45:02 +0800 ===
=== puma startup: 2016-05-15 07:45:02 +0800 ===
=== puma startup: 2016-05-15 12:45:01 +0800 ===
=== puma startup: 2016-05-15 17:45:02 +0800 ===
=== puma startup: 2016-05-16 07:45:02 +0800 ===
=== puma startup: 2016-05-16 12:45:02 +0800 ===
=== puma startup: 2016-05-16 17:45:02 +0800 ===
=== puma startup: 2016-05-17 07:45:01 +0800 ===
=== puma startup: 2016-05-17 12:45:02 +0800 ===
=== puma startup: 2016-05-17 17:45:02 +0800 ===
=== puma startup: 2016-05-18 07:45:02 +0800 ===
=== puma startup: 2016-05-18 12:45:02 +0800 ===
=== puma startup: 2016-05-18 17:45:02 +0800 ===
=== puma startup: 2016-05-19 07:45:02 +0800 ===
=== puma startup: 2016-07-12 09:10:23 +0800 ===
/usr/local/rvm/gems/ruby-2.2.1/gems/bundler-1.11.2/lib/bundler/runtime.rb:34:in `block in setup': You have already activated puma 3.4.0, but your Gemfile requires puma 3.2.0. Prepending `bundle exec` to your command may solve this. (Gem::LoadError)
	from /usr/local/rvm/gems/ruby-2.2.1/gems/bundler-1.11.2/lib/bundler/runtime.rb:19:in `setup'
	from /usr/local/rvm/gems/ruby-2.2.1/gems/bundler-1.11.2/lib/bundler.rb:92:in `setup'
	from /usr/local/rvm/gems/ruby-2.2.1/gems/bundler-1.11.2/lib/bundler/setup.rb:18:in `<top (required)>'
	from /usr/local/rvm/rubies/ruby-2.2.1/lib/ruby/site_ruby/2.2.0/rubygems/core_ext/kernel_require.rb:128:in `require'
	from /usr/local/rvm/rubies/ruby-2.2.1/lib/ruby/site_ruby/2.2.0/rubygems/core_ext/kernel_require.rb:128:in `rescue in require'
	from /usr/local/rvm/rubies/ruby-2.2.1/lib/ruby/site_ruby/2.2.0/rubygems/core_ext/kernel_require.rb:39:in `require'
	from /home/barweb/config/boot.rb:4:in `<top (required)>'
	from /usr/local/rvm/rubies/ruby-2.2.1/lib/ruby/site_ruby/2.2.0/rubygems/core_ext/kernel_require.rb:54:in `require'
	from /usr/local/rvm/rubies/ruby-2.2.1/lib/ruby/site_ruby/2.2.0/rubygems/core_ext/kernel_require.rb:54:in `require'
	from /home/barweb/config/application.rb:1:in `<top (required)>'
	from /usr/local/rvm/rubies/ruby-2.2.1/lib/ruby/site_ruby/2.2.0/rubygems/core_ext/kernel_require.rb:54:in `require'
	from /usr/local/rvm/rubies/ruby-2.2.1/lib/ruby/site_ruby/2.2.0/rubygems/core_ext/kernel_require.rb:54:in `require'
	from /home/barweb/config/environment.rb:2:in `<top (required)>'
	from /usr/local/rvm/rubies/ruby-2.2.1/lib/ruby/site_ruby/2.2.0/rubygems/core_ext/kernel_require.rb:54:in `require'
	from /usr/local/rvm/rubies/ruby-2.2.1/lib/ruby/site_ruby/2.2.0/rubygems/core_ext/kernel_require.rb:54:in `require'
	from config.ru:3:in `block in <main>'
	from /usr/local/rvm/gems/ruby-2.2.1/gems/rack-1.6.4/lib/rack/builder.rb:55:in `instance_eval'
	from /usr/local/rvm/gems/ruby-2.2.1/gems/rack-1.6.4/lib/rack/builder.rb:55:in `initialize'
	from config.ru:in `new'
	from config.ru:in `<main>'
	from /usr/local/rvm/gems/ruby-2.2.1/gems/rack-1.6.4/lib/rack/builder.rb:49:in `eval'
	from /usr/local/rvm/gems/ruby-2.2.1/gems/rack-1.6.4/lib/rack/builder.rb:49:in `new_from_string'
	from /usr/local/rvm/gems/ruby-2.2.1/gems/rack-1.6.4/lib/rack/builder.rb:40:in `parse_file'
	from /usr/local/rvm/gems/ruby-2.2.1/gems/puma-3.4.0/lib/puma/configuration.rb:313:in `load_rackup'
	from /usr/local/rvm/gems/ruby-2.2.1/gems/puma-3.4.0/lib/puma/configuration.rb:242:in `app'
	from /usr/local/rvm/gems/ruby-2.2.1/gems/puma-3.4.0/lib/puma/runner.rb:123:in `load_and_bind'
	from /usr/local/rvm/gems/ruby-2.2.1/gems/puma-3.4.0/lib/puma/single.rb:84:in `run'
	from /usr/local/rvm/gems/ruby-2.2.1/gems/puma-3.4.0/lib/puma/launcher.rb:172:in `run'
	from /usr/local/rvm/gems/ruby-2.2.1/gems/puma-3.4.0/lib/puma/cli.rb:74:in `run'
	from /usr/local/rvm/gems/ruby-2.2.1/gems/puma-3.4.0/bin/puma:10:in `<top (required)>'
	from /usr/local/rvm/gems/ruby-2.2.1/bin/puma:23:in `load'
	from /usr/local/rvm/gems/ruby-2.2.1/bin/puma:23:in `<main>'
=== puma startup: 2016-07-12 09:17:21 +0800 ===
/usr/local/rvm/gems/ruby-2.2.1/gems/bundler-1.11.2/lib/bundler/runtime.rb:34:in `block in setup': You have already activated rack 1.6.4, but your Gemfile requires rack 1.5.5. Prepending `bundle exec` to your command may solve this. (Gem::LoadError)
	from /usr/local/rvm/gems/ruby-2.2.1/gems/bundler-1.11.2/lib/bundler/runtime.rb:19:in `setup'
	from /usr/local/rvm/gems/ruby-2.2.1/gems/bundler-1.11.2/lib/bundler.rb:92:in `setup'
	from /usr/local/rvm/gems/ruby-2.2.1/gems/bundler-1.11.2/lib/bundler/setup.rb:18:in `<top (required)>'
	from /usr/local/rvm/rubies/ruby-2.2.1/lib/ruby/site_ruby/2.2.0/rubygems/core_ext/kernel_require.rb:128:in `require'
	from /usr/local/rvm/rubies/ruby-2.2.1/lib/ruby/site_ruby/2.2.0/rubygems/core_ext/kernel_require.rb:128:in `rescue in require'
	from /usr/local/rvm/rubies/ruby-2.2.1/lib/ruby/site_ruby/2.2.0/rubygems/core_ext/kernel_require.rb:39:in `require'
	from /home/barweb/config/boot.rb:4:in `<top (required)>'
	from /usr/local/rvm/rubies/ruby-2.2.1/lib/ruby/site_ruby/2.2.0/rubygems/core_ext/kernel_require.rb:54:in `require'
	from /usr/local/rvm/rubies/ruby-2.2.1/lib/ruby/site_ruby/2.2.0/rubygems/core_ext/kernel_require.rb:54:in `require'
	from /home/barweb/config/application.rb:1:in `<top (required)>'
	from /usr/local/rvm/rubies/ruby-2.2.1/lib/ruby/site_ruby/2.2.0/rubygems/core_ext/kernel_require.rb:54:in `require'
	from /usr/local/rvm/rubies/ruby-2.2.1/lib/ruby/site_ruby/2.2.0/rubygems/core_ext/kernel_require.rb:54:in `require'
	from /home/barweb/config/environment.rb:2:in `<top (required)>'
	from /usr/local/rvm/rubies/ruby-2.2.1/lib/ruby/site_ruby/2.2.0/rubygems/core_ext/kernel_require.rb:54:in `require'
	from /usr/local/rvm/rubies/ruby-2.2.1/lib/ruby/site_ruby/2.2.0/rubygems/core_ext/kernel_require.rb:54:in `require'
	from config.ru:3:in `block in <main>'
	from /usr/local/rvm/gems/ruby-2.2.1/gems/rack-1.6.4/lib/rack/builder.rb:55:in `instance_eval'
	from /usr/local/rvm/gems/ruby-2.2.1/gems/rack-1.6.4/lib/rack/builder.rb:55:in `initialize'
	from config.ru:in `new'
	from config.ru:in `<main>'
	from /usr/local/rvm/gems/ruby-2.2.1/gems/rack-1.6.4/lib/rack/builder.rb:49:in `eval'
	from /usr/local/rvm/gems/ruby-2.2.1/gems/rack-1.6.4/lib/rack/builder.rb:49:in `new_from_string'
	from /usr/local/rvm/gems/ruby-2.2.1/gems/rack-1.6.4/lib/rack/builder.rb:40:in `parse_file'
	from /usr/local/rvm/gems/ruby-2.2.1/gems/puma-3.4.0/lib/puma/configuration.rb:313:in `load_rackup'
	from /usr/local/rvm/gems/ruby-2.2.1/gems/puma-3.4.0/lib/puma/configuration.rb:242:in `app'
	from /usr/local/rvm/gems/ruby-2.2.1/gems/puma-3.4.0/lib/puma/runner.rb:123:in `load_and_bind'
	from /usr/local/rvm/gems/ruby-2.2.1/gems/puma-3.4.0/lib/puma/single.rb:84:in `run'
	from /usr/local/rvm/gems/ruby-2.2.1/gems/puma-3.4.0/lib/puma/launcher.rb:172:in `run'
	from /usr/local/rvm/gems/ruby-2.2.1/gems/puma-3.4.0/lib/puma/cli.rb:74:in `run'
	from /usr/local/rvm/gems/ruby-2.2.1/gems/puma-3.4.0/bin/puma:10:in `<top (required)>'
	from /usr/local/rvm/gems/ruby-2.2.1/bin/puma:23:in `load'
	from /usr/local/rvm/gems/ruby-2.2.1/bin/puma:23:in `<main>'
=== puma startup: 2016-07-12 09:22:54 +0800 ===
/usr/local/rvm/gems/ruby-2.2.1/gems/bundler-1.11.2/lib/bundler/runtime.rb:34:in `block in setup': You have already activated rack 1.6.4, but your Gemfile requires rack 1.5.5. Prepending `bundle exec` to your command may solve this. (Gem::LoadError)
	from /usr/local/rvm/gems/ruby-2.2.1/gems/bundler-1.11.2/lib/bundler/runtime.rb:19:in `setup'
	from /usr/local/rvm/gems/ruby-2.2.1/gems/bundler-1.11.2/lib/bundler.rb:92:in `setup'
	from /usr/local/rvm/gems/ruby-2.2.1/gems/bundler-1.11.2/lib/bundler/setup.rb:18:in `<top (required)>'
	from /usr/local/rvm/rubies/ruby-2.2.1/lib/ruby/site_ruby/2.2.0/rubygems/core_ext/kernel_require.rb:128:in `require'
	from /usr/local/rvm/rubies/ruby-2.2.1/lib/ruby/site_ruby/2.2.0/rubygems/core_ext/kernel_require.rb:128:in `rescue in require'
	from /usr/local/rvm/rubies/ruby-2.2.1/lib/ruby/site_ruby/2.2.0/rubygems/core_ext/kernel_require.rb:39:in `require'
	from /home/barweb/config/boot.rb:4:in `<top (required)>'
	from /usr/local/rvm/rubies/ruby-2.2.1/lib/ruby/site_ruby/2.2.0/rubygems/core_ext/kernel_require.rb:54:in `require'
	from /usr/local/rvm/rubies/ruby-2.2.1/lib/ruby/site_ruby/2.2.0/rubygems/core_ext/kernel_require.rb:54:in `require'
	from /home/barweb/config/application.rb:1:in `<top (required)>'
	from /usr/local/rvm/rubies/ruby-2.2.1/lib/ruby/site_ruby/2.2.0/rubygems/core_ext/kernel_require.rb:54:in `require'
	from /usr/local/rvm/rubies/ruby-2.2.1/lib/ruby/site_ruby/2.2.0/rubygems/core_ext/kernel_require.rb:54:in `require'
	from /home/barweb/config/environment.rb:2:in `<top (required)>'
	from /usr/local/rvm/rubies/ruby-2.2.1/lib/ruby/site_ruby/2.2.0/rubygems/core_ext/kernel_require.rb:54:in `require'
	from /usr/local/rvm/rubies/ruby-2.2.1/lib/ruby/site_ruby/2.2.0/rubygems/core_ext/kernel_require.rb:54:in `require'
	from config.ru:3:in `block in <main>'
	from /usr/local/rvm/gems/ruby-2.2.1/gems/rack-1.6.4/lib/rack/builder.rb:55:in `instance_eval'
	from /usr/local/rvm/gems/ruby-2.2.1/gems/rack-1.6.4/lib/rack/builder.rb:55:in `initialize'
	from config.ru:in `new'
	from config.ru:in `<main>'
	from /usr/local/rvm/gems/ruby-2.2.1/gems/rack-1.6.4/lib/rack/builder.rb:49:in `eval'
	from /usr/local/rvm/gems/ruby-2.2.1/gems/rack-1.6.4/lib/rack/builder.rb:49:in `new_from_string'
	from /usr/local/rvm/gems/ruby-2.2.1/gems/rack-1.6.4/lib/rack/builder.rb:40:in `parse_file'
	from /usr/local/rvm/gems/ruby-2.2.1/gems/puma-3.4.0/lib/puma/configuration.rb:313:in `load_rackup'
	from /usr/local/rvm/gems/ruby-2.2.1/gems/puma-3.4.0/lib/puma/configuration.rb:242:in `app'
	from /usr/local/rvm/gems/ruby-2.2.1/gems/puma-3.4.0/lib/puma/runner.rb:123:in `load_and_bind'
	from /usr/local/rvm/gems/ruby-2.2.1/gems/puma-3.4.0/lib/puma/single.rb:84:in `run'
	from /usr/local/rvm/gems/ruby-2.2.1/gems/puma-3.4.0/lib/puma/launcher.rb:172:in `run'
	from /usr/local/rvm/gems/ruby-2.2.1/gems/puma-3.4.0/lib/puma/cli.rb:74:in `run'
	from /usr/local/rvm/gems/ruby-2.2.1/gems/puma-3.4.0/bin/puma:10:in `<top (required)>'
	from /usr/local/rvm/gems/ruby-2.2.1/bin/puma:23:in `load'
	from /usr/local/rvm/gems/ruby-2.2.1/bin/puma:23:in `<main>'
=== puma startup: 2016-07-12 09:57:46 +0800 ===
/usr/local/rvm/gems/ruby-2.2.1/gems/bundler-1.11.2/lib/bundler/runtime.rb:34:in `block in setup': You have already activated rack 1.6.4, but your Gemfile requires rack 1.5.5. Prepending `bundle exec` to your command may solve this. (Gem::LoadError)
	from /usr/local/rvm/gems/ruby-2.2.1/gems/bundler-1.11.2/lib/bundler/runtime.rb:19:in `setup'
	from /usr/local/rvm/gems/ruby-2.2.1/gems/bundler-1.11.2/lib/bundler.rb:92:in `setup'
	from /usr/local/rvm/gems/ruby-2.2.1/gems/bundler-1.11.2/lib/bundler/setup.rb:18:in `<top (required)>'
	from /usr/local/rvm/rubies/ruby-2.2.1/lib/ruby/site_ruby/2.2.0/rubygems/core_ext/kernel_require.rb:128:in `require'
	from /usr/local/rvm/rubies/ruby-2.2.1/lib/ruby/site_ruby/2.2.0/rubygems/core_ext/kernel_require.rb:128:in `rescue in require'
	from /usr/local/rvm/rubies/ruby-2.2.1/lib/ruby/site_ruby/2.2.0/rubygems/core_ext/kernel_require.rb:39:in `require'
	from /home/barweb/config/boot.rb:4:in `<top (required)>'
	from /usr/local/rvm/rubies/ruby-2.2.1/lib/ruby/site_ruby/2.2.0/rubygems/core_ext/kernel_require.rb:54:in `require'
	from /usr/local/rvm/rubies/ruby-2.2.1/lib/ruby/site_ruby/2.2.0/rubygems/core_ext/kernel_require.rb:54:in `require'
	from /home/barweb/config/application.rb:1:in `<top (required)>'
	from /usr/local/rvm/rubies/ruby-2.2.1/lib/ruby/site_ruby/2.2.0/rubygems/core_ext/kernel_require.rb:54:in `require'
	from /usr/local/rvm/rubies/ruby-2.2.1/lib/ruby/site_ruby/2.2.0/rubygems/core_ext/kernel_require.rb:54:in `require'
	from /home/barweb/config/environment.rb:2:in `<top (required)>'
	from /usr/local/rvm/rubies/ruby-2.2.1/lib/ruby/site_ruby/2.2.0/rubygems/core_ext/kernel_require.rb:54:in `require'
	from /usr/local/rvm/rubies/ruby-2.2.1/lib/ruby/site_ruby/2.2.0/rubygems/core_ext/kernel_require.rb:54:in `require'
	from config.ru:3:in `block in <main>'
	from /usr/local/rvm/gems/ruby-2.2.1/gems/rack-1.6.4/lib/rack/builder.rb:55:in `instance_eval'
	from /usr/local/rvm/gems/ruby-2.2.1/gems/rack-1.6.4/lib/rack/builder.rb:55:in `initialize'
	from config.ru:in `new'
	from config.ru:in `<main>'
	from /usr/local/rvm/gems/ruby-2.2.1/gems/rack-1.6.4/lib/rack/builder.rb:49:in `eval'
	from /usr/local/rvm/gems/ruby-2.2.1/gems/rack-1.6.4/lib/rack/builder.rb:49:in `new_from_string'
	from /usr/local/rvm/gems/ruby-2.2.1/gems/rack-1.6.4/lib/rack/builder.rb:40:in `parse_file'
	from /usr/local/rvm/gems/ruby-2.2.1/gems/puma-3.4.0/lib/puma/configuration.rb:313:in `load_rackup'
	from /usr/local/rvm/gems/ruby-2.2.1/gems/puma-3.4.0/lib/puma/configuration.rb:242:in `app'
	from /usr/local/rvm/gems/ruby-2.2.1/gems/puma-3.4.0/lib/puma/runner.rb:123:in `load_and_bind'
	from /usr/local/rvm/gems/ruby-2.2.1/gems/puma-3.4.0/lib/puma/single.rb:84:in `run'
	from /usr/local/rvm/gems/ruby-2.2.1/gems/puma-3.4.0/lib/puma/launcher.rb:172:in `run'
	from /usr/local/rvm/gems/ruby-2.2.1/gems/puma-3.4.0/lib/puma/cli.rb:74:in `run'
	from /usr/local/rvm/gems/ruby-2.2.1/gems/puma-3.4.0/bin/puma:10:in `<top (required)>'
	from /usr/local/rvm/gems/ruby-2.2.1/bin/puma:23:in `load'
	from /usr/local/rvm/gems/ruby-2.2.1/bin/puma:23:in `<main>'
=== puma startup: 2016-07-12 09:57:58 +0800 ===
ERROR: No application configured, nothing to run
=== puma startup: 2016-07-12 10:37:21 +0800 ===
=== puma startup: 2016-07-12 10:38:11 +0800 ===
=== puma startup: 2016-09-20 09:07:06 +0800 ===
=== puma startup: 2016-09-30 08:36:13 +0800 ===
=== puma startup: 2016-09-30 13:21:39 +0800 ===
=== puma startup: 2016-10-06 09:38:34 +0800 ===
=== puma startup: 2016-10-20 10:34:33 +0800 ===
=== puma startup: 2016-10-24 17:46:00 +0800 ===
=== puma startup: 2016-10-25 15:15:53 +0800 ===
=== puma startup: 2016-10-25 15:16:06 +0800 ===
=== puma startup: 2016-10-25 15:19:41 +0800 ===
=== puma startup: 2016-11-02 13:35:34 +0800 ===
=== puma startup: 2016-11-02 13:36:44 +0800 ===
=== puma startup: 2016-12-20 17:09:08 +0800 ===
=== puma startup: 2016-12-20 17:49:37 +0800 ===
=== puma startup: 2017-01-02 10:20:33 +0800 ===
=== puma startup: 2017-01-03 09:37:55 +0800 ===
=== puma startup: 2017-01-05 08:42:32 +0800 ===
=== puma startup: 2017-01-05 13:54:30 +0800 ===
=== puma startup: 2017-01-06 09:09:16 +0800 ===
=== puma startup: 2017-01-06 09:17:40 +0800 ===
=== puma startup: 2017-01-06 16:47:33 +0800 ===
=== puma startup: 2017-01-13 17:36:08 +0800 ===
=== puma startup: 2017-03-17 08:17:12 +0800 ===
=== puma startup: 2017-07-07 14:59:36 +0800 ===
=== puma startup: 2017-07-07 15:03:12 +0800 ===
=== puma startup: 2017-08-17 09:46:47 +0800 ===
=== puma startup: 2017-08-17 09:53:22 +0800 ===
2018-01-23 10:37:08 +0800: HTTP parse error, malformed request (): #<Puma::HttpParserError: HTTP element QUERY_STRING is longer than the (1024 * 10) allowed length (was 22228)>
2018-01-23 10:37:08 +0800: ENV: {"rack.version"=>[1, 3], "rack.errors"=>#<File:/home/barweb/log/puma.stderr.log>, "rack.multithread"=>true, "rack.multiprocess"=>false, "rack.run_once"=>false, "SCRIPT_NAME"=>"", "QUERY_STRING"=>"", "SERVER_PROTOCOL"=>"HTTP/1.1", "SERVER_SOFTWARE"=>"puma 3.4.0 Owl Bowl Brawl", "GATEWAY_INTERFACE"=>"CGI/1.2", "REQUEST_METHOD"=>"GET", "REQUEST_PATH"=>"/qrcodes/process_barcode"}
---
=== puma startup: 2018-04-04 08:07:03 +0800 ===
=== puma startup: 2018-04-04 09:02:53 +0800 ===
=== puma startup: 2018-04-07 08:44:44 +0800 ===
